#
# There is insufficient memory for the Java Runtime Environment to continue.
# Native memory allocation (malloc) failed to allocate 244496 bytes for Chunk::new
# Possible reasons:
#   The system is out of physical RAM or swap space
#   The process is running with CompressedOops enabled, and the Java Heap may be blocking the growth of the native heap
# Possible solutions:
#   Reduce memory load on the system
#   Increase physical memory or swap space
#   Check if swap backing store is full
#   Decrease Java heap size (-Xmx/-Xms)
#   Decrease number of Java threads
#   Decrease Java thread stack sizes (-Xss)
#   Set larger code cache with -XX:ReservedCodeCacheSize=
#   JVM is running with Unscaled Compressed Oops mode in which the Java heap is
#     placed in the first 4GB address space. The Java Heap base address is the
#     maximum limit for the native heap growth. Please use -XX:HeapBaseMinAddress
#     to set the Java Heap base and to place the Java Heap above 4GB virtual address.
# This output file may be truncated or incomplete.
#
#  Out of Memory Error (allocation.cpp:389), pid=4904, tid=0x0000000000002aa8
#
# JRE version: OpenJDK Runtime Environment (8.0_242-b01) (build 1.8.0_242-release-1644-b01)
# Java VM: OpenJDK 64-Bit Server VM (25.242-b01 mixed mode windows-amd64 compressed oops)
# Failed to write core dump. Minidumps are not enabled by default on client versions of Windows
#

---------------  T H R E A D  ---------------

Current thread (0x0000000015e34000):  JavaThread "C2 CompilerThread0" daemon [_thread_in_native, id=10920, stack(0x00000000174c0000,0x00000000175c0000)]

Stack: [0x00000000174c0000,0x00000000175c0000]
[error occurred during error reporting (printing stack bounds), id 0xc0000005]

Native frames: (J=compiled Java code, j=interpreted, Vv=VM code, C=native code)


Current CompileTask:
C2:5634436 12868       4       org.gradle.internal.operations.DefaultBuildOperationExecutor$3::start (66 bytes)


---------------  P R O C E S S  ---------------

Java Threads: ( => current thread )
  0x000000001ca44800 JavaThread "Cache worker for Build Output Cleanup Cache (D:\dc\android\.gradle\buildOutputCleanup)" [_thread_blocked, id=2116, stack(0x0000000022b90000,0x0000000022c90000)]
  0x000000001ca41800 JavaThread "Build operations Thread 4" [_thread_blocked, id=4196, stack(0x000000001f550000,0x000000001f650000)]
  0x000000001ca45800 JavaThread "Build operations Thread 3" [_thread_blocked, id=9336, stack(0x000000001f450000,0x000000001f550000)]
  0x000000001ca44000 JavaThread "Build operations Thread 2" [_thread_blocked, id=6404, stack(0x000000001f350000,0x000000001f450000)]
  0x000000001b0f8000 JavaThread "Build operations" [_thread_blocked, id=2700, stack(0x000000001f250000,0x000000001f350000)]
  0x000000001b0f7800 JavaThread "Cache worker for cache directory md-rule (C:\Users\22507\.gradle\caches\5.6.2\md-rule)" [_thread_blocked, id=4236, stack(0x000000001dbe0000,0x000000001dce0000)]
  0x000000001b0f6800 JavaThread "Cache worker for cache directory md-supplier (C:\Users\22507\.gradle\caches\5.6.2\md-supplier)" [_thread_blocked, id=4916, stack(0x000000001d4e0000,0x000000001d5e0000)]
  0x000000001b0ef000 JavaThread "Cache worker for file hash cache (D:\dc\android\.gradle\5.6.2\fileHashes)" [_thread_blocked, id=4964, stack(0x000000001d2e0000,0x000000001d3e0000)]
  0x000000001b0f6000 JavaThread "Thread-109" [_thread_blocked, id=9580, stack(0x000000001cfe0000,0x000000001d0e0000)]
  0x000000001b0ee800 JavaThread "Stdin handler" [_thread_blocked, id=9312, stack(0x000000001a740000,0x000000001a840000)]
  0x000000001b0f4800 JavaThread "Asynchronous log dispatcher for DefaultDaemonConnection: socket connection from /127.0.0.1:65055 to /127.0.0.1:61335" [_thread_blocked, id=1908, stack(0x000000001a440000,0x000000001a540000)]
  0x000000001b0ec000 JavaThread "Daemon worker Thread 5" [_thread_in_native, id=2608, stack(0x000000001a340000,0x000000001a440000)]
  0x000000001b0f3000 JavaThread "Cancel handler" [_thread_blocked, id=8100, stack(0x000000001a040000,0x000000001a140000)]
  0x000000001b0f1800 JavaThread "Handler for socket connection from /127.0.0.1:65055 to /127.0.0.1:61335" [_thread_in_native, id=10292, stack(0x0000000019f40000,0x000000001a040000)]
  0x000000001b0ed800 JavaThread "Daemon Thread 5" [_thread_blocked, id=4200, stack(0x0000000000940000,0x0000000000a40000)]
  0x000000001b0ea000 JavaThread "Cache worker for file content cache (C:\Users\22507\.gradle\caches\5.6.2\fileContent)" [_thread_blocked, id=8324, stack(0x0000000021420000,0x0000000021520000)]
  0x000000001b0f0800 JavaThread "Memory manager" [_thread_blocked, id=7104, stack(0x000000001d3e0000,0x000000001d4e0000)]
  0x000000001b0e9000 JavaThread "Cache worker for execution history cache (C:\Users\22507\.gradle\caches\5.6.2\executionHistory)" [_thread_blocked, id=7068, stack(0x000000001ef50000,0x000000001f050000)]
  0x000000001879e800 JavaThread "Cache worker for journal cache (C:\Users\22507\.gradle\caches\journal-1)" [_thread_blocked, id=5524, stack(0x000000001aa40000,0x000000001ab40000)]
  0x000000001879e000 JavaThread "File lock request listener" [_thread_in_native, id=1660, stack(0x000000001a940000,0x000000001aa40000)]
  0x0000000017973000 JavaThread "Cache worker for file hash cache (C:\Users\22507\.gradle\caches\5.6.2\fileHashes)" [_thread_blocked, id=9652, stack(0x000000001a840000,0x000000001a940000)]
  0x00000000178bf000 JavaThread "Daemon periodic checks" [_thread_blocked, id=11104, stack(0x0000000019e40000,0x0000000019f40000)]
  0x000000001886a800 JavaThread "Incoming local TCP Connector on port 65055" [_thread_in_native, id=7176, stack(0x0000000019bd0000,0x0000000019cd0000)]
  0x0000000017874800 JavaThread "Daemon health stats" [_thread_blocked, id=2156, stack(0x0000000019590000,0x0000000019690000)]
  0x00000000177f2800 JavaThread "Service Thread" daemon [_thread_blocked, id=6760, stack(0x0000000017bc0000,0x0000000017cc0000)]
  0x0000000015e4b800 JavaThread "C1 CompilerThread2" daemon [_thread_blocked, id=3144, stack(0x00000000176c0000,0x00000000177c0000)]
  0x0000000015e3b800 JavaThread "C2 CompilerThread1" daemon [_thread_blocked, id=9304, stack(0x00000000175c0000,0x00000000176c0000)]
=>0x0000000015e34000 JavaThread "C2 CompilerThread0" daemon [_thread_in_native, id=10920, stack(0x00000000174c0000,0x00000000175c0000)]
  0x0000000015e33000 JavaThread "Attach Listener" daemon [_thread_blocked, id=8532, stack(0x00000000173c0000,0x00000000174c0000)]
  0x0000000015e39800 JavaThread "Signal Dispatcher" daemon [_thread_blocked, id=7524, stack(0x00000000172c0000,0x00000000173c0000)]
  0x00000000024be000 JavaThread "Finalizer" daemon [_thread_blocked, id=1964, stack(0x0000000017090000,0x0000000017190000)]
  0x0000000015e19000 JavaThread "Reference Handler" daemon [_thread_blocked, id=10444, stack(0x0000000016f90000,0x0000000017090000)]
  0x00000000023c2800 JavaThread "main" [_thread_blocked, id=6276, stack(0x0000000002290000,0x0000000002390000)]

Other Threads:
  0x0000000015df8000 VMThread [stack: 0x0000000016e90000,0x0000000016f90000] [id=4976]
  0x00000000177f3000 WatcherThread [stack: 0x0000000017cc0000,0x0000000017dc0000] [id=3368]

VM state:not at safepoint (normal execution)

VM Mutex/Monitor currently owned by a thread: None

heap address: 0x00000000a0000000, size: 1536 MB, Compressed Oops mode: 32-bit
Narrow klass base: 0x0000000000000000, Narrow klass shift: 3
Compressed class space size: 1073741824 Address: 0x0000000100000000

Heap:
 PSYoungGen      total 141312K, used 100448K [0x00000000e0000000, 0x00000000ea800000, 0x0000000100000000)
  eden space 118784K, 84% used [0x00000000e0000000,0x00000000e6218220,0x00000000e7400000)
  from space 22528K, 0% used [0x00000000e7400000,0x00000000e7400000,0x00000000e8a00000)
  to   space 22016K, 0% used [0x00000000e9280000,0x00000000e9280000,0x00000000ea800000)
 ParOldGen       total 248320K, used 129545K [0x00000000a0000000, 0x00000000af280000, 0x00000000e0000000)
  object space 248320K, 52% used [0x00000000a0000000,0x00000000a7e825d8,0x00000000af280000)
 Metaspace       used 73967K, capacity 77146K, committed 77844K, reserved 1116160K
  class space    used 9728K, capacity 10423K, committed 10556K, reserved 1048576K

Card table byte_map: [0x0000000011880000,0x0000000011b90000] byte_map_base: 0x0000000011380000

Marking Bits: (ParMarkBitMap*) 0x000000005c6bf030
 Begin Bits: [0x0000000012190000, 0x0000000013990000)
 End Bits:   [0x0000000013990000, 0x0000000015190000)

Polling page: 0x0000000000520000

CodeCache: size=245760Kb used=34353Kb max_used=34383Kb free=211406Kb
 bounds [0x00000000024c0000, 0x0000000004690000, 0x00000000114c0000]
 total_blobs=11581 nmethods=10766 adapters=727
 compilation: enabled

Compilation events (10 events):
Event: 5632.845 Thread 0x0000000015e34000 12868       4       org.gradle.internal.operations.DefaultBuildOperationExecutor$3::start (66 bytes)
Event: 5632.878 Thread 0x0000000015e4b800 12869   !   3       java.lang.StringCoding::encode (120 bytes)
Event: 5632.882 Thread 0x0000000015e4b800 nmethod 12869 0x000000000466f890 code [0x000000000466fbe0, 0x00000000046716b8]
Event: 5632.939 Thread 0x0000000015e4b800 12862       3       org.jetbrains.kotlin.gradle.targets.metadata.KotlinMetadataTargetConfiguratorKt::isKotlinGranularMetadataEnabled (36 bytes)
Event: 5633.154 Thread 0x0000000015e4b800 nmethod 12862 0x000000000315fd90 code [0x000000000315ffc0, 0x0000000003160ab8]
Event: 5633.157 Thread 0x0000000015e4b800 12872       1       java.net.URI::access$2800 (4 bytes)
Event: 5633.158 Thread 0x0000000015e4b800 nmethod 12872 0x00000000043f1690 code [0x00000000043f17e0, 0x00000000043f18d0]
Event: 5633.252 Thread 0x0000000015e4b800 12871       3       org.gradle.internal.service.DefaultServiceRegistry$SingletonService::bind (1 bytes)
Event: 5633.253 Thread 0x0000000015e4b800 nmethod 12871 0x000000000269c950 code [0x000000000269caa0, 0x000000000269cbf0]
Event: 5634.000 Thread 0x0000000015e3b800 nmethod 12861 0x0000000004685d50 code [0x00000000046861c0, 0x0000000004689d78]

GC Heap History (10 events):
Event: 5010.068 GC heap before
{Heap before GC invocations=40 (full 5):
 PSYoungGen      total 119296K, used 17065K [0x00000000e0000000, 0x00000000ea000000, 0x0000000100000000)
  eden space 101888K, 0% used [0x00000000e0000000,0x00000000e0000000,0x00000000e6380000)
  from space 17408K, 98% used [0x00000000e6380000,0x00000000e742a7b8,0x00000000e7480000)
  to   space 19968K, 0% used [0x00000000e8c80000,0x00000000e8c80000,0x00000000ea000000)
 ParOldGen       total 131584K, used 122242K [0x00000000a0000000, 0x00000000a8080000, 0x00000000e0000000)
  object space 131584K, 92% used [0x00000000a0000000,0x00000000a7760828,0x00000000a8080000)
 Metaspace       used 73356K, capacity 76462K, committed 77332K, reserved 1116160K
  class space    used 9643K, capacity 10335K, committed 10556K, reserved 1048576K
Event: 5010.251 GC heap after
Heap after GC invocations=40 (full 5):
 PSYoungGen      total 119296K, used 0K [0x00000000e0000000, 0x00000000ea000000, 0x0000000100000000)
  eden space 101888K, 0% used [0x00000000e0000000,0x00000000e0000000,0x00000000e6380000)
  from space 17408K, 0% used [0x00000000e6380000,0x00000000e6380000,0x00000000e7480000)
  to   space 19968K, 0% used [0x00000000e8c80000,0x00000000e8c80000,0x00000000ea000000)
 ParOldGen       total 176128K, used 104941K [0x00000000a0000000, 0x00000000aac00000, 0x00000000e0000000)
  object space 176128K, 59% used [0x00000000a0000000,0x00000000a667b490,0x00000000aac00000)
 Metaspace       used 73356K, capacity 76462K, committed 77332K, reserved 1116160K
  class space    used 9643K, capacity 10335K, committed 10556K, reserved 1048576K
}
Event: 5011.459 GC heap before
{Heap before GC invocations=41 (full 5):
 PSYoungGen      total 119296K, used 101492K [0x00000000e0000000, 0x00000000ea000000, 0x0000000100000000)
  eden space 101888K, 99% used [0x00000000e0000000,0x00000000e631d2e0,0x00000000e6380000)
  from space 17408K, 0% used [0x00000000e6380000,0x00000000e6380000,0x00000000e7480000)
  to   space 19968K, 0% used [0x00000000e8c80000,0x00000000e8c80000,0x00000000ea000000)
 ParOldGen       total 176128K, used 115078K [0x00000000a0000000, 0x00000000aac00000, 0x00000000e0000000)
  object space 176128K, 65% used [0x00000000a0000000,0x00000000a70618e0,0x00000000aac00000)
 Metaspace       used 73358K, capacity 76462K, committed 77332K, reserved 1116160K
  class space    used 9643K, capacity 10335K, committed 10556K, reserved 1048576K
Event: 5011.486 GC heap after
Heap after GC invocations=41 (full 5):
 PSYoungGen      total 138240K, used 19584K [0x00000000e0000000, 0x00000000ea000000, 0x0000000100000000)
  eden space 118272K, 0% used [0x00000000e0000000,0x00000000e0000000,0x00000000e7380000)
  from space 19968K, 98% used [0x00000000e8c80000,0x00000000e9fa0070,0x00000000ea000000)
  to   space 22528K, 0% used [0x00000000e7400000,0x00000000e7400000,0x00000000e8a00000)
 ParOldGen       total 176128K, used 170064K [0x00000000a0000000, 0x00000000aac00000, 0x00000000e0000000)
  object space 176128K, 96% used [0x00000000a0000000,0x00000000aa6141f8,0x00000000aac00000)
 Metaspace       used 73358K, capacity 76462K, committed 77332K, reserved 1116160K
  class space    used 9643K, capacity 10335K, committed 10556K, reserved 1048576K
}
Event: 5011.486 GC heap before
{Heap before GC invocations=42 (full 6):
 PSYoungGen      total 138240K, used 19584K [0x00000000e0000000, 0x00000000ea000000, 0x0000000100000000)
  eden space 118272K, 0% used [0x00000000e0000000,0x00000000e0000000,0x00000000e7380000)
  from space 19968K, 98% used [0x00000000e8c80000,0x00000000e9fa0070,0x00000000ea000000)
  to   space 22528K, 0% used [0x00000000e7400000,0x00000000e7400000,0x00000000e8a00000)
 ParOldGen       total 176128K, used 170064K [0x00000000a0000000, 0x00000000aac00000, 0x00000000e0000000)
  object space 176128K, 96% used [0x00000000a0000000,0x00000000aa6141f8,0x00000000aac00000)
 Metaspace       used 73358K, capacity 76462K, committed 77332K, reserved 1116160K
  class space    used 9643K, capacity 10335K, committed 10556K, reserved 1048576K
Event: 5011.646 GC heap after
Heap after GC invocations=42 (full 6):
 PSYoungGen      total 138240K, used 0K [0x00000000e0000000, 0x00000000ea000000, 0x0000000100000000)
  eden space 118272K, 0% used [0x00000000e0000000,0x00000000e0000000,0x00000000e7380000)
  from space 19968K, 0% used [0x00000000e8c80000,0x00000000e8c80000,0x00000000ea000000)
  to   space 22528K, 0% used [0x00000000e7400000,0x00000000e7400000,0x00000000e8a00000)
 ParOldGen       total 219648K, used 120380K [0x00000000a0000000, 0x00000000ad680000, 0x00000000e0000000)
  object space 219648K, 54% used [0x00000000a0000000,0x00000000a758f230,0x00000000ad680000)
 Metaspace       used 73358K, capacity 76462K, committed 77332K, reserved 1116160K
  class space    used 9643K, capacity 10335K, committed 10556K, reserved 1048576K
}
Event: 5013.854 GC heap before
{Heap before GC invocations=43 (full 6):
 PSYoungGen      total 138240K, used 118272K [0x00000000e0000000, 0x00000000ea000000, 0x0000000100000000)
  eden space 118272K, 100% used [0x00000000e0000000,0x00000000e7380000,0x00000000e7380000)
  from space 19968K, 0% used [0x00000000e8c80000,0x00000000e8c80000,0x00000000ea000000)
  to   space 22528K, 0% used [0x00000000e7400000,0x00000000e7400000,0x00000000e8a00000)
 ParOldGen       total 219648K, used 175282K [0x00000000a0000000, 0x00000000ad680000, 0x00000000e0000000)
  object space 219648K, 79% used [0x00000000a0000000,0x00000000aab2cb38,0x00000000ad680000)
 Metaspace       used 73369K, capacity 76466K, committed 77332K, reserved 1116160K
  class space    used 9643K, capacity 10335K, committed 10556K, reserved 1048576K
Event: 5013.885 GC heap after
Heap after GC invocations=43 (full 6):
 PSYoungGen      total 141312K, used 12438K [0x00000000e0000000, 0x00000000ea800000, 0x0000000100000000)
  eden space 118784K, 0% used [0x00000000e0000000,0x00000000e0000000,0x00000000e7400000)
  from space 22528K, 55% used [0x00000000e7400000,0x00000000e80259b0,0x00000000e8a00000)
  to   space 22016K, 0% used [0x00000000e9280000,0x00000000e9280000,0x00000000ea800000)
 ParOldGen       total 219648K, used 212146K [0x00000000a0000000, 0x00000000ad680000, 0x00000000e0000000)
  object space 219648K, 96% used [0x00000000a0000000,0x00000000acf2cb68,0x00000000ad680000)
 Metaspace       used 73369K, capacity 76466K, committed 77332K, reserved 1116160K
  class space    used 9643K, capacity 10335K, committed 10556K, reserved 1048576K
}
Event: 5013.885 GC heap before
{Heap before GC invocations=44 (full 7):
 PSYoungGen      total 141312K, used 12438K [0x00000000e0000000, 0x00000000ea800000, 0x0000000100000000)
  eden space 118784K, 0% used [0x00000000e0000000,0x00000000e0000000,0x00000000e7400000)
  from space 22528K, 55% used [0x00000000e7400000,0x00000000e80259b0,0x00000000e8a00000)
  to   space 22016K, 0% used [0x00000000e9280000,0x00000000e9280000,0x00000000ea800000)
 ParOldGen       total 219648K, used 212146K [0x00000000a0000000, 0x00000000ad680000, 0x00000000e0000000)
  object space 219648K, 96% used [0x00000000a0000000,0x00000000acf2cb68,0x00000000ad680000)
 Metaspace       used 73369K, capacity 76466K, committed 77332K, reserved 1116160K
  class space    used 9643K, capacity 10335K, committed 10556K, reserved 1048576K
Event: 5014.143 GC heap after
Heap after GC invocations=44 (full 7):
 PSYoungGen      total 141312K, used 0K [0x00000000e0000000, 0x00000000ea800000, 0x0000000100000000)
  eden space 118784K, 0% used [0x00000000e0000000,0x00000000e0000000,0x00000000e7400000)
  from space 22528K, 0% used [0x00000000e7400000,0x00000000e7400000,0x00000000e8a00000)
  to   space 22016K, 0% used [0x00000000e9280000,0x00000000e9280000,0x00000000ea800000)
 ParOldGen       total 248320K, used 129545K [0x00000000a0000000, 0x00000000af280000, 0x00000000e0000000)
  object space 248320K, 52% used [0x00000000a0000000,0x00000000a7e825d8,0x00000000af280000)
 Metaspace       used 73369K, capacity 76466K, committed 77332K, reserved 1116160K
  class space    used 9643K, capacity 10335K, committed 10556K, reserved 1048576K
}

Deoptimization events (10 events):
Event: 5026.266 Thread 0x000000001b0ef000 Uncommon trap: reason=unstable_if action=reinterpret pc=0x000000000346a4f4 method=java.lang.ref.SoftReference.get()Ljava/lang/Object; @ 6
Event: 5026.320 Thread 0x000000001b0ef000 Uncommon trap: reason=unstable_if action=reinterpret pc=0x000000000397dac4 method=java.lang.ref.SoftReference.get()Ljava/lang/Object; @ 6
Event: 5026.754 Thread 0x000000001b0ef000 Uncommon trap: reason=unstable_if action=reinterpret pc=0x00000000032baac8 method=java.lang.ref.SoftReference.get()Ljava/lang/Object; @ 6
Event: 5026.754 Thread 0x000000001b0ef000 Uncommon trap: reason=unstable_if action=reinterpret pc=0x00000000029a6ea8 method=java.lang.ref.SoftReference.get()Ljava/lang/Object; @ 6
Event: 5026.803 Thread 0x000000001b0ef000 Uncommon trap: reason=unstable_if action=reinterpret pc=0x000000000301a458 method=java.lang.ref.SoftReference.get()Ljava/lang/Object; @ 6
Event: 5027.045 Thread 0x000000001b0ef000 Uncommon trap: reason=unstable_if action=reinterpret pc=0x00000000033da3c8 method=java.lang.ref.SoftReference.get()Ljava/lang/Object; @ 6
Event: 5029.571 Thread 0x00000000023c2800 Uncommon trap: reason=unstable_if action=reinterpret pc=0x000000000417812c method=java.text.SimpleDateFormat.zeroPaddingNumber(IIILjava/lang/StringBuffer;)V @ 41
Event: 5029.735 Thread 0x00000000023c2800 Uncommon trap: reason=unstable_if action=reinterpret pc=0x00000000041cee34 method=java.text.DecimalFormat.subformat(Ljava/lang/StringBuffer;Ljava/text/Format$FieldDelegate;ZZIIII)Ljava/lang/StringBuffer; @ 814
Event: 5030.494 Thread 0x000000001ca47000 Uncommon trap: reason=unstable_if action=reinterpret pc=0x00000000030d3b80 method=java.nio.DirectByteBuffer.put([BII)Ljava/nio/ByteBuffer; @ 8
Event: 5617.510 Thread 0x000000001b0ec000 Uncommon trap: reason=unstable_if action=reinterpret pc=0x00000000041de5f4 method=java.util.Formatter$FormatSpecifier.precision(Ljava/lang/String;)I @ 6

Classes redefined (0 events):
No events

Internal exceptions (10 events):
Event: 5027.044 Thread 0x000000001b0ef000 Implicit null exception at 0x00000000033d8f9f to 0x00000000033da3b1
Event: 5027.269 Thread 0x000000001b0ef000 Exception <a 'java/lang/ClassNotFoundException': org/codehaus/groovy/runtime/HandleMetaClassBeanInfo> (0x00000000e4438d18) thrown at [C:\src\AOSP-openjdk-git\hotspot\src\share\vm\classfile\systemDictionary.cpp, line 210]
Event: 5027.271 Thread 0x000000001b0ef000 Exception <a 'java/lang/ClassNotFoundException': groovy/lang/DelegatingMetaClassBeanInfo> (0x00000000e4466a38) thrown at [C:\src\AOSP-openjdk-git\hotspot\src\share\vm\classfile\systemDictionary.cpp, line 210]
Event: 5027.272 Thread 0x000000001b0ef000 Exception <a 'java/lang/ClassNotFoundException': groovy/lang/DelegatingMetaClassCustomizer> (0x00000000e4495430) thrown at [C:\src\AOSP-openjdk-git\hotspot\src\share\vm\classfile\systemDictionary.cpp, line 210]
Event: 5027.274 Thread 0x000000001b0ef000 Exception <a 'java/lang/ClassNotFoundException': org/codehaus/groovy/runtime/HandleMetaClassCustomizer> (0x00000000e44f5160) thrown at [C:\src\AOSP-openjdk-git\hotspot\src\share\vm\classfile\systemDictionary.cpp, line 210]
Event: 5027.485 Thread 0x000000001b0ef000 Exception <a 'java/lang/ClassNotFoundException': java/util/Collections$EmptyListBeanInfo> (0x00000000e460bda8) thrown at [C:\src\AOSP-openjdk-git\hotspot\src\share\vm\classfile\systemDictionary.cpp, line 210]
Event: 5027.485 Thread 0x000000001b0ef000 Exception <a 'java/lang/ClassNotFoundException': java/util/Collections$EmptyListCustomizer> (0x00000000e4618800) thrown at [C:\src\AOSP-openjdk-git\hotspot\src\share\vm\classfile\systemDictionary.cpp, line 210]
Event: 5027.689 Thread 0x000000001b0ef000 Exception <a 'java/lang/ClassNotFoundException': com/android/build/OutputFileBeanInfo> (0x00000000e46803d8) thrown at [C:\src\AOSP-openjdk-git\hotspot\src\share\vm\classfile\systemDictionary.cpp, line 210]
Event: 5027.689 Thread 0x000000001b0ef000 Exception <a 'java/lang/ClassNotFoundException': com/android/build/OutputFileCustomizer> (0x00000000e4694a88) thrown at [C:\src\AOSP-openjdk-git\hotspot\src\share\vm\classfile\systemDictionary.cpp, line 210]
Event: 5028.380 Thread 0x000000001ca41800 Exception <a 'sun/nio/fs/WindowsException'> (0x00000000e3d68208) thrown at [C:\src\AOSP-openjdk-git\hotspot\src\share\vm\prims\jni.cpp, line 710]

Events (10 events):
Event: 5631.307 Thread 0x0000000015e4b800 flushing nmethod 0x0000000002bba890
Event: 5631.617 Thread 0x0000000015e4b800 flushing nmethod 0x0000000002d4bdd0
Event: 5631.618 Thread 0x0000000015e4b800 flushing nmethod 0x0000000002d69290
Event: 5632.516 Thread 0x0000000015e34000 flushing nmethod 0x0000000002fd0410
Event: 5632.537 Executing VM operation: BulkRevokeBias
Event: 5632.538 Executing VM operation: BulkRevokeBias done
Event: 5632.568 Thread 0x0000000015e4b800 flushing nmethod 0x000000000315f690
Event: 5632.568 Thread 0x0000000015e4b800 flushing nmethod 0x000000000315fd50
Event: 5633.159 Thread 0x0000000015e4b800 flushing nmethod 0x0000000003936690
Event: 5633.357 Thread 0x0000000015e4b800 flushing nmethod 0x0000000003ac1710


Dynamic libraries:
0x00007ff629290000 - 0x00007ff6292c1000 	C:\Program Files\Android\Android Studio\jre\bin\java.exe
0x00007ffe9d0d0000 - 0x00007ffe9d2c8000 	C:\WINDOWS\SYSTEM32\ntdll.dll
0x00007ffe9be40000 - 0x00007ffe9beff000 	C:\WINDOWS\System32\KERNEL32.DLL
0x00007ffe9ace0000 - 0x00007ffe9afb2000 	C:\WINDOWS\System32\KERNELBASE.dll
0x00007ffe9b1b0000 - 0x00007ffe9b25e000 	C:\WINDOWS\System32\ADVAPI32.dll
0x00007ffe9cf30000 - 0x00007ffe9cfce000 	C:\WINDOWS\System32\msvcrt.dll
0x00007ffe9cda0000 - 0x00007ffe9ce3c000 	C:\WINDOWS\System32\sechost.dll
0x00007ffe9bca0000 - 0x00007ffe9bdc5000 	C:\WINDOWS\System32\RPCRT4.dll
0x00007ffe9c660000 - 0x00007ffe9c801000 	C:\WINDOWS\System32\USER32.dll
0x00007ffe9a9d0000 - 0x00007ffe9a9f2000 	C:\WINDOWS\System32\win32u.dll
0x00007ffe9cf00000 - 0x00007ffe9cf2b000 	C:\WINDOWS\System32\GDI32.dll
0x00007ffe9a7c0000 - 0x00007ffe9a8cf000 	C:\WINDOWS\System32\gdi32full.dll
0x00007ffe9ac40000 - 0x00007ffe9acdd000 	C:\WINDOWS\System32\msvcp_win.dll
0x00007ffe9a8d0000 - 0x00007ffe9a9d0000 	C:\WINDOWS\System32\ucrtbase.dll
0x00007ffe833b0000 - 0x00007ffe8364a000 	C:\WINDOWS\WinSxS\amd64_microsoft.windows.common-controls_6595b64144ccf1df_6.0.19041.1110_none_60b5254171f9507e\COMCTL32.dll
0x00007ffe9ba40000 - 0x00007ffe9ba72000 	C:\WINDOWS\System32\IMM32.DLL
0x000000005be10000 - 0x000000005bee2000 	C:\Program Files\Android\Android Studio\jre\jre\bin\msvcr100.dll
0x000000005bef0000 - 0x000000005c73b000 	C:\Program Files\Android\Android Studio\jre\jre\bin\server\jvm.dll
0x00007ffe9b110000 - 0x00007ffe9b118000 	C:\WINDOWS\System32\PSAPI.DLL
0x00007ffe91da0000 - 0x00007ffe91daa000 	C:\WINDOWS\SYSTEM32\VERSION.dll
0x00007ffe87ac0000 - 0x00007ffe87ac9000 	C:\WINDOWS\SYSTEM32\WSOCK32.dll
0x00007ffe8c3a0000 - 0x00007ffe8c3c7000 	C:\WINDOWS\SYSTEM32\WINMM.dll
0x00007ffe9bdd0000 - 0x00007ffe9be3b000 	C:\WINDOWS\System32\WS2_32.dll
0x00007ffe970f0000 - 0x00007ffe970ff000 	C:\Program Files\Android\Android Studio\jre\jre\bin\verify.dll
0x00007ffe5f280000 - 0x00007ffe5f2a9000 	C:\Program Files\Android\Android Studio\jre\jre\bin\java.dll
0x00007ffe94140000 - 0x00007ffe94156000 	C:\Program Files\Android\Android Studio\jre\jre\bin\zip.dll
0x00007ffe9bf10000 - 0x00007ffe9c655000 	C:\WINDOWS\System32\SHELL32.dll
0x00007ffe98880000 - 0x00007ffe99012000 	C:\WINDOWS\SYSTEM32\windows.storage.dll
0x00007ffe9b630000 - 0x00007ffe9b985000 	C:\WINDOWS\System32\combase.dll
0x00007ffe9a220000 - 0x00007ffe9a250000 	C:\WINDOWS\SYSTEM32\Wldp.dll
0x00007ffe9ba90000 - 0x00007ffe9bb3d000 	C:\WINDOWS\System32\SHCORE.dll
0x00007ffe9d030000 - 0x00007ffe9d085000 	C:\WINDOWS\System32\shlwapi.dll
0x00007ffe9a700000 - 0x00007ffe9a71f000 	C:\WINDOWS\SYSTEM32\profapi.dll
0x00007ffe754c0000 - 0x00007ffe754da000 	C:\Program Files\Android\Android Studio\jre\jre\bin\net.dll
0x00007ffe99f80000 - 0x00007ffe99fea000 	C:\WINDOWS\system32\mswsock.dll
0x00007ffe71410000 - 0x00007ffe71423000 	C:\Program Files\Android\Android Studio\jre\jre\bin\nio.dll
0x00007ffe97930000 - 0x00007ffe97956000 	C:\Users\22507\.gradle\native\30\windows-amd64\native-platform.dll
0x00007ffe88ae0000 - 0x00007ffe88aed000 	C:\Program Files\Android\Android Studio\jre\jre\bin\management.dll
0x00007ffe9a170000 - 0x00007ffe9a188000 	C:\WINDOWS\SYSTEM32\CRYPTSP.dll
0x00007ffe997c0000 - 0x00007ffe997f4000 	C:\WINDOWS\system32\rsaenh.dll
0x00007ffe9b0e0000 - 0x00007ffe9b107000 	C:\WINDOWS\System32\bcrypt.dll
0x00007ffe9a6c0000 - 0x00007ffe9a6ee000 	C:\WINDOWS\SYSTEM32\USERENV.dll
0x00007ffe9aa50000 - 0x00007ffe9aad2000 	C:\WINDOWS\System32\bcryptprimitives.dll
0x00007ffe9a190000 - 0x00007ffe9a19c000 	C:\WINDOWS\SYSTEM32\CRYPTBASE.dll
0x00007ffe99c20000 - 0x00007ffe99c5b000 	C:\WINDOWS\SYSTEM32\IPHLPAPI.DLL
0x00007ffe9ba80000 - 0x00007ffe9ba88000 	C:\WINDOWS\System32\NSI.dll
0x00007ffe8dfe0000 - 0x00007ffe8dff7000 	C:\WINDOWS\SYSTEM32\dhcpcsvc6.DLL
0x00007ffe8e830000 - 0x00007ffe8e84d000 	C:\WINDOWS\SYSTEM32\dhcpcsvc.DLL
0x00007ffe99c70000 - 0x00007ffe99d3b000 	C:\WINDOWS\SYSTEM32\DNSAPI.dll
0x00007ffe95d60000 - 0x00007ffe95df0000 	C:\WINDOWS\system32\apphelp.dll

VM Arguments:
jvm_args: -Xmx1536M -Dfile.encoding=windows-1252 -Duser.country=FR -Duser.language=fr -Duser.variant 
java_command: org.gradle.launcher.daemon.bootstrap.GradleDaemon 5.6.2
java_class_path (initial): C:\Users\22507\.gradle\wrapper\dists\gradle-5.6.2-all\9st6wgf78h16so49nn74lgtbb\gradle-5.6.2\lib\gradle-launcher-5.6.2.jar
Launcher Type: SUN_STANDARD

Environment Variables:
JAVA_HOME=C:\Program Files\Android\Android Studio\jre
CLASSPATH=D:\dc\android\\gradle\wrapper\gradle-wrapper.jar
PATH=C:\Program Files (x86)\Common Files\Oracle\Java\javapath;C:\WINDOWS\system32;C:\WINDOWS;C:\WINDOWS\System32\Wbem;C:\WINDOWS\System32\WindowsPowerShell\v1.0\;C:\WINDOWS\System32\OpenSSH\;C:\xampp\php;C:\ProgramData\ComposerSetup\bin;C:\Program Files\Java\jdk1.8.0_251\bin;C:\Program Files\Java\jre1.8.0_351\bin;C:\Program Files\Git\cmd;C:\Program Files\WireGuard\;C:\Program Files\nodejs\;D:\flutter_windows_2.10.5-stable\flutter\bin;C:\Users\22507\AppData\Local\Microsoft\WindowsApps;C:\Users\22507\AppData\Local\Programs\Microsoft VS Code\bin;C:\Users\22507\AppData\Roaming\Composer\vendor\bin;C:\Program Files\Java\jdk1.8.0_251\bin;;C:\Program Files\JetBrains\IntelliJ IDEA Community Edition 2022.3.2\bin;;C:\Users\22507\AppData\Roaming\npm;D:\flutter_windows_2.8.0-stable\flutter\bin\mingit\cmd
USERNAME=22507
OS=Windows_NT
PROCESSOR_IDENTIFIER=Intel64 Family 6 Model 42 Stepping 7, GenuineIntel



---------------  S Y S T E M  ---------------

OS: Windows 10.0 , 64 bit Build 19041 (10.0.19041.2546)

CPU:total 4 (initial active 4) (2 cores per cpu, 2 threads per core) family 6 model 42 stepping 7, cmov, cx8, fxsr, mmx, sse, sse2, sse3, ssse3, sse4.1, sse4.2, popcnt, avx, clmul, ht, tsc, tscinvbit

Memory: 4k page, physical 8321388k(320592k free), swap 10418540k(1388k free)

vm_info: OpenJDK 64-Bit Server VM (25.242-b01) for windows-amd64 JRE (1.8.0_242-release-1644-b01), built by "builder" with MS VC++ 10.0 (VS2010)

time: Mon Jun 05 11:54:24 2023
timezone: Greenwich
elapsed time: 5634 seconds (0d 1h 33m 54s)

