#
# There is insufficient memory for the Java Runtime Environment to continue.
# Native memory allocation (malloc) failed to allocate 262160 bytes for Chunk::new
# Possible reasons:
#   The system is out of physical RAM or swap space
#   The process is running with CompressedOops enabled, and the Java Heap may be blocking the growth of the native heap
# Possible solutions:
#   Reduce memory load on the system
#   Increase physical memory or swap space
#   Check if swap backing store is full
#   Decrease Java heap size (-Xmx/-Xms)
#   Decrease number of Java threads
#   Decrease Java thread stack sizes (-Xss)
#   Set larger code cache with -XX:ReservedCodeCacheSize=
#   JVM is running with Unscaled Compressed Oops mode in which the Java heap is
#     placed in the first 4GB address space. The Java Heap base address is the
#     maximum limit for the native heap growth. Please use -XX:HeapBaseMinAddress
#     to set the Java Heap base and to place the Java Heap above 4GB virtual address.
# This output file may be truncated or incomplete.
#
#  Out of Memory Error (allocation.cpp:389), pid=4080, tid=0x0000000000001494
#
# JRE version: OpenJDK Runtime Environment (8.0_242-b01) (build 1.8.0_242-release-1644-b01)
# Java VM: OpenJDK 64-Bit Server VM (25.242-b01 mixed mode windows-amd64 compressed oops)
# Failed to write core dump. Minidumps are not enabled by default on client versions of Windows
#

---------------  T H R E A D  ---------------

Current thread (0x00000000162cd000):  JavaThread "C2 CompilerThread1" daemon [_thread_in_native, id=5268, stack(0x0000000017a50000,0x0000000017b50000)]

Stack: [0x0000000017a50000,0x0000000017b50000]
[error occurred during error reporting (printing stack bounds), id 0xc0000005]

Native frames: (J=compiled Java code, j=interpreted, Vv=VM code, C=native code)


Current CompileTask:
C2:  16036 1406       4       java.net.URLClassLoader$1::run (5 bytes)


---------------  P R O C E S S  ---------------

Java Threads: ( => current thread )
  0x0000000019557800 JavaThread "Cache worker for journal cache (C:\Users\22507\.gradle\caches\journal-1)" [_thread_blocked, id=8460, stack(0x000000001aed0000,0x000000001afd0000)]
  0x0000000019559800 JavaThread "File lock request listener" [_thread_in_native, id=9404, stack(0x000000001add0000,0x000000001aed0000)]
  0x0000000019559000 JavaThread "Cache worker for file hash cache (C:\Users\22507\.gradle\caches\5.6.2\fileHashes)" [_thread_blocked, id=9456, stack(0x000000001acd0000,0x000000001add0000)]
  0x0000000017d6c800 JavaThread "Thread-9" [_thread_blocked, id=2556, stack(0x000000001abd0000,0x000000001acd0000)]
  0x00000000191f7000 JavaThread "Stdin handler" [_thread_blocked, id=7188, stack(0x000000001aad0000,0x000000001abd0000)]
  0x00000000191f4000 JavaThread "Asynchronous log dispatcher for DefaultDaemonConnection: socket connection from /127.0.0.1:52055 to /127.0.0.1:52056" [_thread_blocked, id=5700, stack(0x000000001a9d0000,0x000000001aad0000)]
  0x0000000018748800 JavaThread "Daemon worker" [_thread_in_native, id=8952, stack(0x000000001a8d0000,0x000000001a9d0000)]
  0x0000000018747800 JavaThread "Cancel handler" [_thread_blocked, id=9656, stack(0x000000001a7d0000,0x000000001a8d0000)]
  0x0000000018746800 JavaThread "Handler for socket connection from /127.0.0.1:52055 to /127.0.0.1:52056" [_thread_in_native, id=8684, stack(0x000000001a4d0000,0x000000001a5d0000)]
  0x0000000018ffc800 JavaThread "Daemon" [_thread_blocked, id=6240, stack(0x000000001a3d0000,0x000000001a4d0000)]
  0x00000000189ab000 JavaThread "Daemon periodic checks" [_thread_blocked, id=8876, stack(0x000000001a2d0000,0x000000001a3d0000)]
  0x0000000018e28800 JavaThread "Incoming local TCP Connector on port 52055" [_thread_in_native, id=9820, stack(0x000000001a060000,0x000000001a160000)]
  0x0000000017d2a000 JavaThread "Daemon health stats" [_thread_blocked, id=6932, stack(0x0000000019a20000,0x0000000019b20000)]
  0x000000001631e800 JavaThread "Service Thread" daemon [_thread_blocked, id=7180, stack(0x0000000018050000,0x0000000018150000)]
  0x00000000162dd000 JavaThread "C1 CompilerThread2" daemon [_thread_blocked, id=6624, stack(0x0000000017b50000,0x0000000017c50000)]
=>0x00000000162cd000 JavaThread "C2 CompilerThread1" daemon [_thread_in_native, id=5268, stack(0x0000000017a50000,0x0000000017b50000)]
  0x00000000162c5000 JavaThread "C2 CompilerThread0" daemon [_thread_blocked, id=1972, stack(0x0000000017950000,0x0000000017a50000)]
  0x00000000162c3800 JavaThread "Attach Listener" daemon [_thread_blocked, id=5032, stack(0x0000000017850000,0x0000000017950000)]
  0x00000000162c9800 JavaThread "Signal Dispatcher" daemon [_thread_blocked, id=9128, stack(0x0000000017750000,0x0000000017850000)]
  0x000000000294d000 JavaThread "Finalizer" daemon [_thread_blocked, id=4376, stack(0x0000000017520000,0x0000000017620000)]
  0x00000000162a9000 JavaThread "Reference Handler" daemon [_thread_blocked, id=4836, stack(0x0000000017420000,0x0000000017520000)]
  0x0000000002852800 JavaThread "main" [_thread_blocked, id=9736, stack(0x0000000002710000,0x0000000002810000)]

Other Threads:
  0x0000000016287800 VMThread [stack: 0x0000000017320000,0x0000000017420000] [id=1236]
  0x0000000017c7c000 WatcherThread [stack: 0x0000000018150000,0x0000000018250000] [id=4444]

VM state:not at safepoint (normal execution)

VM Mutex/Monitor currently owned by a thread: None

heap address: 0x00000000a0000000, size: 1536 MB, Compressed Oops mode: 32-bit
Narrow klass base: 0x0000000000000000, Narrow klass shift: 3
Compressed class space size: 1073741824 Address: 0x0000000100000000

Heap:
 PSYoungGen      total 38400K, used 26199K [0x00000000e0000000, 0x00000000e2a80000, 0x0000000100000000)
  eden space 33280K, 63% used [0x00000000e0000000,0x00000000e1495d08,0x00000000e2080000)
  from space 5120K, 100% used [0x00000000e2080000,0x00000000e2580000,0x00000000e2580000)
  to   space 5120K, 0% used [0x00000000e2580000,0x00000000e2580000,0x00000000e2a80000)
 ParOldGen       total 87552K, used 1252K [0x00000000a0000000, 0x00000000a5580000, 0x00000000e0000000)
  object space 87552K, 1% used [0x00000000a0000000,0x00000000a0139358,0x00000000a5580000)
 Metaspace       used 13957K, capacity 14388K, committed 14592K, reserved 1062912K
  class space    used 1919K, capacity 2036K, committed 2048K, reserved 1048576K

Card table byte_map: [0x0000000011d10000,0x0000000012020000] byte_map_base: 0x0000000011810000

Marking Bits: (ParMarkBitMap*) 0x000000006e15f030
 Begin Bits: [0x0000000012620000, 0x0000000013e20000)
 End Bits:   [0x0000000013e20000, 0x0000000015620000)

Polling page: 0x0000000000e90000

CodeCache: size=245760Kb used=4683Kb max_used=4683Kb free=241076Kb
 bounds [0x0000000002950000, 0x0000000002e00000, 0x0000000011950000]
 total_blobs=1677 nmethods=1299 adapters=291
 compilation: enabled

Compilation events (10 events):
Event: 15.238 Thread 0x00000000162dd000 nmethod 1402 0x0000000002b04410 code [0x0000000002b045c0, 0x0000000002b04ba8]
Event: 15.269 Thread 0x00000000162dd000 1403       3       java.util.concurrent.locks.AbstractQueuedSynchronizer::enq (58 bytes)
Event: 15.270 Thread 0x00000000162dd000 nmethod 1403 0x0000000002a6dc10 code [0x0000000002a6dda0, 0x0000000002a6e2d0]
Event: 15.270 Thread 0x00000000162dd000 1404   !   3       java.util.concurrent.locks.AbstractQueuedSynchronizer::acquireQueued (93 bytes)
Event: 15.271 Thread 0x00000000162dd000 nmethod 1404 0x0000000002afba10 code [0x0000000002afbc40, 0x0000000002afc758]
Event: 15.535 Thread 0x00000000162c5000 1405       4       java.util.jar.JarFile::maybeInstantiateVerifier (96 bytes)
Event: 15.549 Thread 0x00000000162c5000 nmethod 1405 0x0000000002a6d290 code [0x0000000002a6d420, 0x0000000002a6d878]
Event: 15.682 Thread 0x00000000162cd000 1406       4       java.net.URLClassLoader$1::run (5 bytes)
Event: 15.823 Thread 0x00000000162c5000 1407       4       java.lang.CharacterDataLatin1::isWhitespace (23 bytes)
Event: 15.824 Thread 0x00000000162c5000 nmethod 1407 0x0000000002a8fe90 code [0x0000000002a8ffc0, 0x0000000002a90058]

GC Heap History (6 events):
Event: 3.308 GC heap before
{Heap before GC invocations=1 (full 0):
 PSYoungGen      total 38400K, used 33280K [0x00000000e0000000, 0x00000000e2a80000, 0x0000000100000000)
  eden space 33280K, 100% used [0x00000000e0000000,0x00000000e2080000,0x00000000e2080000)
  from space 5120K, 0% used [0x00000000e2580000,0x00000000e2580000,0x00000000e2a80000)
  to   space 5120K, 0% used [0x00000000e2080000,0x00000000e2080000,0x00000000e2580000)
 ParOldGen       total 87552K, used 0K [0x00000000a0000000, 0x00000000a5580000, 0x00000000e0000000)
  object space 87552K, 0% used [0x00000000a0000000,0x00000000a0000000,0x00000000a5580000)
 Metaspace       used 7163K, capacity 7468K, committed 7680K, reserved 1056768K
  class space    used 868K, capacity 944K, committed 1024K, reserved 1048576K
Event: 3.318 GC heap after
Heap after GC invocations=1 (full 0):
 PSYoungGen      total 38400K, used 4253K [0x00000000e0000000, 0x00000000e2a80000, 0x0000000100000000)
  eden space 33280K, 0% used [0x00000000e0000000,0x00000000e0000000,0x00000000e2080000)
  from space 5120K, 83% used [0x00000000e2080000,0x00000000e24a76b0,0x00000000e2580000)
  to   space 5120K, 0% used [0x00000000e2580000,0x00000000e2580000,0x00000000e2a80000)
 ParOldGen       total 87552K, used 8K [0x00000000a0000000, 0x00000000a5580000, 0x00000000e0000000)
  object space 87552K, 0% used [0x00000000a0000000,0x00000000a0002000,0x00000000a5580000)
 Metaspace       used 7163K, capacity 7468K, committed 7680K, reserved 1056768K
  class space    used 868K, capacity 944K, committed 1024K, reserved 1048576K
}
Event: 5.901 GC heap before
{Heap before GC invocations=2 (full 0):
 PSYoungGen      total 38400K, used 37533K [0x00000000e0000000, 0x00000000e2a80000, 0x0000000100000000)
  eden space 33280K, 100% used [0x00000000e0000000,0x00000000e2080000,0x00000000e2080000)
  from space 5120K, 83% used [0x00000000e2080000,0x00000000e24a76b0,0x00000000e2580000)
  to   space 5120K, 0% used [0x00000000e2580000,0x00000000e2580000,0x00000000e2a80000)
 ParOldGen       total 87552K, used 8K [0x00000000a0000000, 0x00000000a5580000, 0x00000000e0000000)
  object space 87552K, 0% used [0x00000000a0000000,0x00000000a0002000,0x00000000a5580000)
 Metaspace       used 7398K, capacity 7716K, committed 7936K, reserved 1056768K
  class space    used 901K, capacity 984K, committed 1024K, reserved 1048576K
Event: 5.923 GC heap after
Heap after GC invocations=2 (full 0):
 PSYoungGen      total 38400K, used 3249K [0x00000000e0000000, 0x00000000e2a80000, 0x0000000100000000)
  eden space 33280K, 0% used [0x00000000e0000000,0x00000000e0000000,0x00000000e2080000)
  from space 5120K, 63% used [0x00000000e2580000,0x00000000e28ac500,0x00000000e2a80000)
  to   space 5120K, 0% used [0x00000000e2080000,0x00000000e2080000,0x00000000e2580000)
 ParOldGen       total 87552K, used 16K [0x00000000a0000000, 0x00000000a5580000, 0x00000000e0000000)
  object space 87552K, 0% used [0x00000000a0000000,0x00000000a0004000,0x00000000a5580000)
 Metaspace       used 7398K, capacity 7716K, committed 7936K, reserved 1056768K
  class space    used 901K, capacity 984K, committed 1024K, reserved 1048576K
}
Event: 10.421 GC heap before
{Heap before GC invocations=3 (full 0):
 PSYoungGen      total 38400K, used 36529K [0x00000000e0000000, 0x00000000e2a80000, 0x0000000100000000)
  eden space 33280K, 100% used [0x00000000e0000000,0x00000000e2080000,0x00000000e2080000)
  from space 5120K, 63% used [0x00000000e2580000,0x00000000e28ac500,0x00000000e2a80000)
  to   space 5120K, 0% used [0x00000000e2080000,0x00000000e2080000,0x00000000e2580000)
 ParOldGen       total 87552K, used 16K [0x00000000a0000000, 0x00000000a5580000, 0x00000000e0000000)
  object space 87552K, 0% used [0x00000000a0000000,0x00000000a0004000,0x00000000a5580000)
 Metaspace       used 11988K, capacity 12366K, committed 12544K, reserved 1060864K
  class space    used 1607K, capacity 1745K, committed 1792K, reserved 1048576K
Event: 10.430 GC heap after
Heap after GC invocations=3 (full 0):
 PSYoungGen      total 38400K, used 5120K [0x00000000e0000000, 0x00000000e2a80000, 0x0000000100000000)
  eden space 33280K, 0% used [0x00000000e0000000,0x00000000e0000000,0x00000000e2080000)
  from space 5120K, 100% used [0x00000000e2080000,0x00000000e2580000,0x00000000e2580000)
  to   space 5120K, 0% used [0x00000000e2580000,0x00000000e2580000,0x00000000e2a80000)
 ParOldGen       total 87552K, used 1252K [0x00000000a0000000, 0x00000000a5580000, 0x00000000e0000000)
  object space 87552K, 1% used [0x00000000a0000000,0x00000000a0139358,0x00000000a5580000)
 Metaspace       used 11988K, capacity 12366K, committed 12544K, reserved 1060864K
  class space    used 1607K, capacity 1745K, committed 1792K, reserved 1048576K
}

Deoptimization events (10 events):
Event: 6.855 Thread 0x0000000002852800 Uncommon trap: reason=unstable_if action=reinterpret pc=0x0000000002bf97cc method=java.util.HashMap.getNode(ILjava/lang/Object;)Ljava/util/HashMap$Node; @ 129
Event: 6.855 Thread 0x0000000002852800 Uncommon trap: reason=bimorphic action=maybe_recompile pc=0x0000000002bedac4 method=java.util.HashMap.putVal(ILjava/lang/Object;Ljava/lang/Object;ZZ)Ljava/lang/Object; @ 203
Event: 7.299 Thread 0x0000000002852800 Uncommon trap: reason=unstable_if action=reinterpret pc=0x0000000002c028d4 method=java.io.WinNTFileSystem.normalize(Ljava/lang/String;)Ljava/lang/String; @ 128
Event: 9.145 Thread 0x0000000018748800 Uncommon trap: reason=bimorphic action=maybe_recompile pc=0x0000000002bec76c method=java.util.HashMap.putVal(ILjava/lang/Object;Ljava/lang/Object;ZZ)Ljava/lang/Object; @ 253
Event: 9.145 Thread 0x0000000018748800 Uncommon trap: reason=bimorphic action=maybe_recompile pc=0x0000000002bec76c method=java.util.HashMap.putVal(ILjava/lang/Object;Ljava/lang/Object;ZZ)Ljava/lang/Object; @ 253
Event: 9.145 Thread 0x0000000018748800 Uncommon trap: reason=bimorphic action=maybe_recompile pc=0x0000000002bec76c method=java.util.HashMap.putVal(ILjava/lang/Object;Ljava/lang/Object;ZZ)Ljava/lang/Object; @ 253
Event: 13.127 Thread 0x0000000018748800 Uncommon trap: reason=class_check action=maybe_recompile pc=0x0000000002c4e398 method=java.util.regex.Matcher.match(II)Z @ 86
Event: 13.384 Thread 0x0000000018748800 Uncommon trap: reason=class_check action=maybe_recompile pc=0x0000000002c4e398 method=java.util.regex.Matcher.match(II)Z @ 86
Event: 13.385 Thread 0x0000000018748800 Uncommon trap: reason=class_check action=maybe_recompile pc=0x0000000002c4e398 method=java.util.regex.Matcher.match(II)Z @ 86
Event: 13.385 Thread 0x0000000018748800 Uncommon trap: reason=class_check action=maybe_recompile pc=0x0000000002ac07cc method=java.util.regex.Matcher.match(II)Z @ 86

Classes redefined (0 events):
No events

Internal exceptions (10 events):
Event: 1.298 Thread 0x0000000002852800 Exception <a 'java/lang/ArrayIndexOutOfBoundsException'> (0x00000000e1349a98) thrown at [C:\src\AOSP-openjdk-git\hotspot\src\share\vm\runtime\sharedRuntime.cpp, line 605]
Event: 1.321 Thread 0x0000000002852800 Exception <a 'java/lang/ArrayIndexOutOfBoundsException'> (0x00000000e1353ea0) thrown at [C:\src\AOSP-openjdk-git\hotspot\src\share\vm\runtime\sharedRuntime.cpp, line 605]
Event: 1.322 Thread 0x0000000002852800 Exception <a 'java/lang/ArrayIndexOutOfBoundsException'> (0x00000000e1355828) thrown at [C:\src\AOSP-openjdk-git\hotspot\src\share\vm\runtime\sharedRuntime.cpp, line 605]
Event: 1.322 Thread 0x0000000002852800 Exception <a 'java/lang/ArrayIndexOutOfBoundsException'> (0x00000000e1357c90) thrown at [C:\src\AOSP-openjdk-git\hotspot\src\share\vm\runtime\sharedRuntime.cpp, line 605]
Event: 1.325 Thread 0x0000000002852800 Exception <a 'java/lang/ArrayIndexOutOfBoundsException'> (0x00000000e136b620) thrown at [C:\src\AOSP-openjdk-git\hotspot\src\share\vm\runtime\sharedRuntime.cpp, line 605]
Event: 1.326 Thread 0x0000000002852800 Exception <a 'java/lang/ArrayIndexOutOfBoundsException'> (0x00000000e137a438) thrown at [C:\src\AOSP-openjdk-git\hotspot\src\share\vm\runtime\sharedRuntime.cpp, line 605]
Event: 1.328 Thread 0x0000000002852800 Exception <a 'java/lang/ArrayIndexOutOfBoundsException'> (0x00000000e1386a10) thrown at [C:\src\AOSP-openjdk-git\hotspot\src\share\vm\runtime\sharedRuntime.cpp, line 605]
Event: 6.811 Thread 0x0000000002852800 Exception <a 'java/lang/NoSuchFieldError': method resolution failed> (0x00000000e10367b0) thrown at [C:\src\AOSP-openjdk-git\hotspot\src\share\vm\prims\methodHandles.cpp, line 1167]
Event: 6.816 Thread 0x0000000002852800 Exception <a 'java/lang/NoSuchFieldError': method resolution failed> (0x00000000e10444d0) thrown at [C:\src\AOSP-openjdk-git\hotspot\src\share\vm\prims\methodHandles.cpp, line 1167]
Event: 8.115 Thread 0x0000000002852800 Exception <a 'java/io/IOException'> (0x00000000e17fd898) thrown at [C:\src\AOSP-openjdk-git\hotspot\src\share\vm\prims\jni.cpp, line 710]

Events (10 events):
Event: 15.942 loading class org/gradle/api/plugins/PluginAware
Event: 15.942 loading class org/gradle/api/plugins/PluginAware done
Event: 15.974 loading class org/gradle/api/internal/project/ProjectIdentifier
Event: 15.974 loading class org/gradle/api/internal/project/ProjectIdentifier done
Event: 15.974 loading class org/gradle/api/internal/file/HasScriptServices
Event: 15.974 loading class org/gradle/api/internal/file/HasScriptServices done
Event: 15.974 loading class org/gradle/api/internal/DomainObjectContext
Event: 15.974 loading class org/gradle/api/internal/DomainObjectContext done
Event: 15.974 loading class org/gradle/model/internal/registry/ModelRegistryScope
Event: 15.974 loading class org/gradle/model/internal/registry/ModelRegistryScope done


Dynamic libraries:
0x00007ff7aca90000 - 0x00007ff7acac1000 	C:\Program Files\Android\Android Studio\jre\bin\java.exe
0x00007ffb79810000 - 0x00007ffb79a08000 	C:\WINDOWS\SYSTEM32\ntdll.dll
0x00007ffb792e0000 - 0x00007ffb7939f000 	C:\WINDOWS\System32\KERNEL32.DLL
0x00007ffb77490000 - 0x00007ffb77762000 	C:\WINDOWS\System32\KERNELBASE.dll
0x00007ffb77cc0000 - 0x00007ffb77d6e000 	C:\WINDOWS\System32\ADVAPI32.dll
0x00007ffb79140000 - 0x00007ffb791de000 	C:\WINDOWS\System32\msvcrt.dll
0x00007ffb791e0000 - 0x00007ffb7927c000 	C:\WINDOWS\System32\sechost.dll
0x00007ffb79660000 - 0x00007ffb79785000 	C:\WINDOWS\System32\RPCRT4.dll
0x00007ffb789a0000 - 0x00007ffb78b41000 	C:\WINDOWS\System32\USER32.dll
0x00007ffb77110000 - 0x00007ffb77132000 	C:\WINDOWS\System32\win32u.dll
0x00007ffb77dd0000 - 0x00007ffb77dfb000 	C:\WINDOWS\System32\GDI32.dll
0x00007ffb76f00000 - 0x00007ffb7700f000 	C:\WINDOWS\System32\gdi32full.dll
0x00007ffb77350000 - 0x00007ffb773ed000 	C:\WINDOWS\System32\msvcp_win.dll
0x00007ffb77010000 - 0x00007ffb77110000 	C:\WINDOWS\System32\ucrtbase.dll
0x00007ffb61770000 - 0x00007ffb61a0a000 	C:\WINDOWS\WinSxS\amd64_microsoft.windows.common-controls_6595b64144ccf1df_6.0.19041.1110_none_60b5254171f9507e\COMCTL32.dll
0x00007ffb79790000 - 0x00007ffb797c2000 	C:\WINDOWS\System32\IMM32.DLL
0x000000006d8b0000 - 0x000000006d982000 	C:\Program Files\Android\Android Studio\jre\jre\bin\msvcr100.dll
0x000000006d990000 - 0x000000006e1db000 	C:\Program Files\Android\Android Studio\jre\jre\bin\server\jvm.dll
0x00007ffb78b50000 - 0x00007ffb78b58000 	C:\WINDOWS\System32\PSAPI.DLL
0x00007ffb69850000 - 0x00007ffb69859000 	C:\WINDOWS\SYSTEM32\WSOCK32.dll
0x00007ffb69e50000 - 0x00007ffb69e77000 	C:\WINDOWS\SYSTEM32\WINMM.dll
0x00007ffb77ef0000 - 0x00007ffb77f5b000 	C:\WINDOWS\System32\WS2_32.dll
0x00007ffb756a0000 - 0x00007ffb756aa000 	C:\WINDOWS\SYSTEM32\VERSION.dll
0x00007ffb70c40000 - 0x00007ffb70c4f000 	C:\Program Files\Android\Android Studio\jre\jre\bin\verify.dll
0x00007ffb69dc0000 - 0x00007ffb69de9000 	C:\Program Files\Android\Android Studio\jre\jre\bin\java.dll
0x00007ffb5e340000 - 0x00007ffb5e356000 	C:\Program Files\Android\Android Studio\jre\jre\bin\zip.dll
0x00007ffb781c0000 - 0x00007ffb78905000 	C:\WINDOWS\System32\SHELL32.dll
0x00007ffb74e00000 - 0x00007ffb75592000 	C:\WINDOWS\SYSTEM32\windows.storage.dll
0x00007ffb78cc0000 - 0x00007ffb79015000 	C:\WINDOWS\System32\combase.dll
0x00007ffb76880000 - 0x00007ffb768b0000 	C:\WINDOWS\SYSTEM32\Wldp.dll
0x00007ffb78110000 - 0x00007ffb781bd000 	C:\WINDOWS\System32\SHCORE.dll
0x00007ffb78c60000 - 0x00007ffb78cb5000 	C:\WINDOWS\System32\shlwapi.dll
0x00007ffb76e40000 - 0x00007ffb76e5f000 	C:\WINDOWS\SYSTEM32\profapi.dll
0x00007ffb5cee0000 - 0x00007ffb5cefa000 	C:\Program Files\Android\Android Studio\jre\jre\bin\net.dll
0x00007ffb765e0000 - 0x00007ffb7664a000 	C:\WINDOWS\system32\mswsock.dll
0x00007ffb5cb60000 - 0x00007ffb5cb73000 	C:\Program Files\Android\Android Studio\jre\jre\bin\nio.dll
0x00007ffb71200000 - 0x00007ffb71226000 	C:\Users\22507\.gradle\native\30\windows-amd64\native-platform.dll
0x00007ffb6c650000 - 0x00007ffb6c65d000 	C:\Program Files\Android\Android Studio\jre\jre\bin\management.dll
0x00007ffb767d0000 - 0x00007ffb767e8000 	C:\WINDOWS\SYSTEM32\CRYPTSP.dll
0x00007ffb75f00000 - 0x00007ffb75f34000 	C:\WINDOWS\system32\rsaenh.dll
0x00007ffb77460000 - 0x00007ffb77487000 	C:\WINDOWS\System32\bcrypt.dll
0x00007ffb76e00000 - 0x00007ffb76e2e000 	C:\WINDOWS\SYSTEM32\USERENV.dll
0x00007ffb77770000 - 0x00007ffb777f2000 	C:\WINDOWS\System32\bcryptprimitives.dll
0x00007ffb767f0000 - 0x00007ffb767fc000 	C:\WINDOWS\SYSTEM32\CRYPTBASE.dll
0x00007ffb762d0000 - 0x00007ffb7630b000 	C:\WINDOWS\SYSTEM32\IPHLPAPI.DLL
0x00007ffb793a0000 - 0x00007ffb793a8000 	C:\WINDOWS\System32\NSI.dll
0x00007ffb6cec0000 - 0x00007ffb6ced7000 	C:\WINDOWS\SYSTEM32\dhcpcsvc6.DLL
0x00007ffb6f040000 - 0x00007ffb6f05d000 	C:\WINDOWS\SYSTEM32\dhcpcsvc.DLL
0x00007ffb76310000 - 0x00007ffb763db000 	C:\WINDOWS\SYSTEM32\DNSAPI.dll

VM Arguments:
jvm_args: -Xmx1536M -Dfile.encoding=windows-1252 -Duser.country=FR -Duser.language=fr -Duser.variant 
java_command: org.gradle.launcher.daemon.bootstrap.GradleDaemon 5.6.2
java_class_path (initial): C:\Users\22507\.gradle\wrapper\dists\gradle-5.6.2-all\9st6wgf78h16so49nn74lgtbb\gradle-5.6.2\lib\gradle-launcher-5.6.2.jar
Launcher Type: SUN_STANDARD

Environment Variables:
JAVA_HOME=C:\Program Files\Android\Android Studio\jre
CLASSPATH=D:\dc\android\\gradle\wrapper\gradle-wrapper.jar
PATH=C:\Program Files (x86)\Common Files\Oracle\Java\javapath;C:\WINDOWS\system32;C:\WINDOWS;C:\WINDOWS\System32\Wbem;C:\WINDOWS\System32\WindowsPowerShell\v1.0\;C:\WINDOWS\System32\OpenSSH\;C:\xampp\php;C:\ProgramData\ComposerSetup\bin;C:\Program Files\Java\jdk1.8.0_251\bin;C:\Program Files\Java\jre1.8.0_351\bin;C:\Program Files\Git\cmd;C:\Program Files\WireGuard\;C:\Program Files\nodejs\;D:\flutter_windows_2.8.0-stable\flutter\bin;C:\Users\22507\AppData\Local\Microsoft\WindowsApps;C:\Users\22507\AppData\Local\Programs\Microsoft VS Code\bin;C:\Users\22507\AppData\Roaming\Composer\vendor\bin;C:\Program Files\Java\jdk1.8.0_251\bin;;C:\Program Files\JetBrains\IntelliJ IDEA Community Edition 2022.3.2\bin;;C:\Users\22507\AppData\Roaming\npm;D:\flutter_windows_2.8.0-stable\flutter\bin\mingit\cmd
USERNAME=22507
OS=Windows_NT
PROCESSOR_IDENTIFIER=Intel64 Family 6 Model 42 Stepping 7, GenuineIntel



---------------  S Y S T E M  ---------------

OS: Windows 10.0 , 64 bit Build 19041 (10.0.19041.2546)

CPU:total 4 (initial active 4) (2 cores per cpu, 2 threads per core) family 6 model 42 stepping 7, cmov, cx8, fxsr, mmx, sse, sse2, sse3, ssse3, sse4.1, sse4.2, popcnt, avx, clmul, ht, tsc, tscinvbit

Memory: 4k page, physical 8321388k(429844k free), swap 10418540k(5308k free)

vm_info: OpenJDK 64-Bit Server VM (25.242-b01) for windows-amd64 JRE (1.8.0_242-release-1644-b01), built by "builder" with MS VC++ 10.0 (VS2010)

time: Mon Jun 05 14:44:44 2023
timezone: Greenwich
elapsed time: 16 seconds (0d 0h 0m 16s)

